[21:18:20 INF] Microsoft.Hosting.Lifetime Now listening on: http://localhost:5213
[21:18:20 INF] Microsoft.Hosting.Lifetime Application started. Press Ctrl+C to shut down.
[21:18:20 INF] Microsoft.Hosting.Lifetime Hosting environment: Development
[21:18:20 INF] Microsoft.Hosting.Lifetime Content root path: /Users/lukaosojnik/Documents/Coding/simple-bloomberg-terminal/simple-bloomberg-terminal
[21:18:21 WRN] Microsoft.EntityFrameworkCore.Query Compiling a query which loads related collections for more than one collection navigation, either via 'Include' or through projection, but no 'QuerySplittingBehavior' has been configured. By default, Entity Framework will use 'QuerySplittingBehavior.SingleQuery', which can potentially result in slow query performance. See https://go.microsoft.com/fwlink/?linkid=2134277 for more information. To identify the query that's triggering this warning call 'ConfigureWarnings(w => w.Throw(RelationalEventId.MultipleCollectionIncludeWarning))'.
[21:18:51 INF] System.Net.Http.HttpClient.IStockApiClient.LogicalHandler Start processing HTTP request GET https://www.sec.gov/files/company_tickers.json
[21:18:51 INF] System.Net.Http.HttpClient.IStockApiClient.ClientHandler Sending HTTP request GET https://www.sec.gov/files/company_tickers.json
[21:18:51 INF] System.Net.Http.HttpClient.IStockApiClient.ClientHandler Received HTTP response headers after 416.6308ms - 200
[21:18:51 INF] System.Net.Http.HttpClient.IStockApiClient.LogicalHandler End processing HTTP request after 422.7394ms - 200
[21:18:52 INF] System.Net.Http.HttpClient.IYahooFinanceClient.LogicalHandler Start processing HTTP request GET https://query1.finance.yahoo.com/v8/finance/chart/AOS?*
[21:18:52 INF] System.Net.Http.HttpClient.IYahooFinanceClient.ClientHandler Sending HTTP request GET https://query1.finance.yahoo.com/v8/finance/chart/AOS?*
[21:18:52 INF] System.Net.Http.HttpClient.IYahooFinanceClient.ClientHandler Received HTTP response headers after 369.9885ms - 200
[21:18:52 INF] System.Net.Http.HttpClient.IYahooFinanceClient.LogicalHandler End processing HTTP request after 370.5232ms - 200
[21:24:34 INF] Microsoft.Hosting.Lifetime Application is shutting down...
[21:24:51 INF] Microsoft.Hosting.Lifetime Now listening on: http://localhost:5213
[21:24:51 INF] Microsoft.Hosting.Lifetime Application started. Press Ctrl+C to shut down.
[21:24:51 INF] Microsoft.Hosting.Lifetime Hosting environment: Development
[21:24:51 INF] Microsoft.Hosting.Lifetime Content root path: /Users/lukaosojnik/Documents/Coding/simple-bloomberg-terminal/simple-bloomberg-terminal
[21:24:53 WRN] Microsoft.EntityFrameworkCore.Query Compiling a query which loads related collections for more than one collection navigation, either via 'Include' or through projection, but no 'QuerySplittingBehavior' has been configured. By default, Entity Framework will use 'QuerySplittingBehavior.SingleQuery', which can potentially result in slow query performance. See https://go.microsoft.com/fwlink/?linkid=2134277 for more information. To identify the query that's triggering this warning call 'ConfigureWarnings(w => w.Throw(RelationalEventId.MultipleCollectionIncludeWarning))'.
[21:49:56 INF] Microsoft.Hosting.Lifetime Application is shutting down...
[21:50:00 INF] Microsoft.Hosting.Lifetime Now listening on: http://localhost:5213
[21:50:00 INF] Microsoft.Hosting.Lifetime Application started. Press Ctrl+C to shut down.
[21:50:00 INF] Microsoft.Hosting.Lifetime Hosting environment: Development
[21:50:00 INF] Microsoft.Hosting.Lifetime Content root path: /Users/lukaosojnik/Documents/Coding/simple-bloomberg-terminal/simple-bloomberg-terminal
[21:50:03 WRN] Microsoft.EntityFrameworkCore.Query Compiling a query which loads related collections for more than one collection navigation, either via 'Include' or through projection, but no 'QuerySplittingBehavior' has been configured. By default, Entity Framework will use 'QuerySplittingBehavior.SingleQuery', which can potentially result in slow query performance. See https://go.microsoft.com/fwlink/?linkid=2134277 for more information. To identify the query that's triggering this warning call 'ConfigureWarnings(w => w.Throw(RelationalEventId.MultipleCollectionIncludeWarning))'.
[21:51:51 INF] Microsoft.Hosting.Lifetime Application is shutting down...
